2019-03-03 15:27:45,017-BrowserEngine-INFO-Chrome
2019-03-03 15:27:50,225-BrowserEngine-INFO-打开谷歌
2019-03-03 15:27:52,790-BrowserEngine-INFO-打开网站：http://127.0.0.1/forum.php
2019-03-03 15:27:55,173-DiscuzPage1-INFO-输入用户名：
2019-03-03 15:28:32,758-BrowserEngine-INFO-关闭浏览器
2019-03-03 15:28:35,070-BrowserEngine-INFO-Chrome
2019-03-03 15:28:38,678-BrowserEngine-INFO-打开谷歌
2019-03-03 15:28:40,183-BrowserEngine-INFO-打开网站：http://127.0.0.1/forum.php
2019-03-03 15:29:51,397-DiscuzPage2-INFO-进入新板块
2019-03-03 15:29:53,599-DiscuzPage2-INFO-发表主题
2019-03-03 15:30:27,673-BrowserEngine-INFO-关闭浏览器
2019-03-03 15:30:29,940-BrowserEngine-INFO-Chrome
2019-03-03 15:30:33,648-BrowserEngine-INFO-打开谷歌
2019-03-03 15:30:34,989-BrowserEngine-INFO-打开网站：http://127.0.0.1/forum.php
2019-03-03 15:30:44,193-Discuz3Page-INFO-断言成功：haotest
2019-03-03 15:30:46,199-BrowserEngine-INFO-关闭浏览器
2019-03-03 15:30:48,507-BrowserEngine-INFO-Chrome
2019-03-03 15:30:52,219-BrowserEngine-INFO-打开谷歌
2019-03-03 15:30:53,666-BrowserEngine-INFO-打开网站：http://127.0.0.1/forum.php
2019-03-03 15:30:55,112-DiscuzPage4-INFO-登陆
2019-03-03 15:30:57,628-DiscuzPage4-INFO-默认板块
2019-03-03 15:31:04,093-DiscuzPage4-INFO-发帖
2019-03-03 15:31:08,739-DiscuzPage4-INFO-发起投票
2019-03-03 15:31:08,914-DiscuzPage4-INFO-主题
2019-03-03 15:31:09,270-DiscuzPage4-INFO-点击投票
2019-03-03 15:31:16,011-BrowserEngine-INFO-关闭浏览器
